Client ID: 1 Pham Van Hoang just connected!
Thu May 31 22:37:22 2018

Client ID: 1 Pham Van Hoang Thu May 31 22:37:50 2018
Bought: Cocacola x 0
=========================================
Client ID: 1 Pham Van Hoang Thu May 31 22:38:12 2018
Bought: Cocacola x 0
=========================================
Client ID: 1 Pham Van Hoang just shutdown!
Thu May 31 22:38:15 2018

Client ID: 2 Le Huynh Duc just connected!
Thu May 31 22:41:10 2018

Client ID: 2 Le Huynh Duc just shutdown!
Thu May 31 22:41:11 2018

Client ID: 2 Le Huynh Duc just connected!
Thu May 31 22:41:14 2018

Client ID: 1 Pham Van Hoang just connected!
Thu May 31 22:41:42 2018

Client ID: 1 Pham Van Hoang just shutdown!
Thu May 31 22:42:24 2018

Client ID: 1 Pham Van Hoang just connected!
Fri Jun  1 00:24:14 2018

Client ID: 1 Pham Van Hoang Fri Jun  1 00:24:42 2018
Bought: Cocacola x 0
=========================================
Client ID: 1 Pham Van Hoang Fri Jun  1 00:25:00 2018
Bought: Pepsi x 0
=========================================
Client ID: 1 Pham Van Hoang just shutdown!
Fri Jun  1 00:25:09 2018

Client ID: 1 Pham Van Hoang just connected!
Fri Jun  1 00:26:37 2018

Client ID: 1 Pham Van Hoang Fri Jun  1 00:26:45 2018
Bought: Hihi x 1
=========================================
Client ID: 1 Pham Van Hoang just shutdown!
Fri Jun  1 00:26:49 2018

Client ID: 1 Pham Van Hoang just connected!
Fri Jun  1 00:58:33 2018

